<?xml version="1.0" encoding="UTF-8"?>
<!-- Generated by org.testng.reporters.JUnitReportReporter -->
<testsuite skipped="0" hostname="SREESAI-305" name="testng.PriorityTestNG" tests="3" failures="0" timestamp="2021-09-02T16:15:32 IST" time="11.959" errors="0">
  <testcase name="test" time="1.795" classname="testng.PriorityTestNG"/>
  <system-out/>
  <testcase name="launchGoogle" time="1.869" classname="testng.PriorityTestNG"/>
  <system-out/>
  <testcase name="peformSeachAndClick1stLink" time="8.295" classname="testng.PriorityTestNG"/>
  <system-out/>
</testsuite> <!-- testng.PriorityTestNG -->
